0 info it worked if it ends with ok
1 verbose cli [ 'C:\\Program Files\\nodejs\\node.exe',
1 verbose cli   'C:\\Program Files\\nodejs\\node_modules\\npm\\bin\\npm-cli.js',
1 verbose cli   'run',
1 verbose cli   'protractor' ]
2 info using npm@3.10.10
3 info using node@v6.11.5
4 verbose run-script [ 'preprotractor', 'protractor', 'postprotractor' ]
5 info lifecycle Platform.Portal.FT@~preprotractor: Platform.Portal.FT@
6 silly lifecycle Platform.Portal.FT@~preprotractor: no script for preprotractor, continuing
7 info lifecycle Platform.Portal.FT@~protractor: Platform.Portal.FT@
8 verbose lifecycle Platform.Portal.FT@~protractor: unsafe-perm in lifecycle true
9 verbose lifecycle Platform.Portal.FT@~protractor: PATH: C:\Program Files\nodejs\node_modules\npm\bin\node-gyp-bin;D:\Platform.Portal.FT\node_modules\.bin;C:\Program Files (x86)\Intel\Intel(R) Management Engine Components\iCLS\;C:\Program Files\Intel\Intel(R) Management Engine Components\iCLS\;C:\Program Files\Common Files\Microsoft Shared\Microsoft Online Services;C:\Program Files (x86)\Common Files\Microsoft Shared\Microsoft Online Services;C:\ProgramData\Oracle\Java\javapath;C:\Windows\system32;C:\Windows;C:\Windows\System32\Wbem;C:\Windows\System32\WindowsPowerShell\v1.0\;C:\Program Files\TortoiseSVN\bin;C:\Program Files (x86)\Intel\Intel(R) Management Engine Components\DAL;C:\Program Files\Intel\Intel(R) Management Engine Components\DAL;C:\Program Files (x86)\Intel\Intel(R) Management Engine Components\IPT;C:\Program Files\Intel\Intel(R) Management Engine Components\IPT;C:\Program Files\nodejs\;C:\Program Files\Microsoft SQL Server\120\DTS\Binn\;C:\Program Files\Microsoft SQL Server\Client SDK\ODBC\110\Tools\Binn\;C:\Program Files (x86)\Microsoft SQL Server\120\Tools\Binn\;C:\Program Files\Microsoft SQL Server\120\Tools\Binn\;C:\Program Files (x86)\Microsoft SQL Server\120\Tools\Binn\ManagementStudio\;C:\Program Files (x86)\Microsoft SQL Server\120\DTS\Binn\;C:\Program Files\dotnet\;C:\Program Files\Microsoft SQL Server\130\Tools\Binn\;C:\Users\10645280\AppData\Local\Microsoft\WindowsApps;C:\Users\10645280\AppData\Local\Programs\Microsoft VS Code\bin;C:\Users\10645280\AppData\Local\Programs\Git\cmd;C:\Users\10645280\AppData\Local\Programs\Git\mingw64\bin;C:\Users\10645280\AppData\Local\Programs\Git\usr\bin
10 verbose lifecycle Platform.Portal.FT@~protractor: CWD: D:\Platform.Portal.FT
11 silly lifecycle Platform.Portal.FT@~protractor: Args: [ '/d /s /c', 'protractor Configuration/configuration.js' ]
12 silly lifecycle Platform.Portal.FT@~protractor: Returned: code: 1  signal: null
13 info lifecycle Platform.Portal.FT@~protractor: Failed to exec protractor script
14 verbose stack Error: Platform.Portal.FT@ protractor: `protractor Configuration/configuration.js`
14 verbose stack Exit status 1
14 verbose stack     at EventEmitter.<anonymous> (C:\Program Files\nodejs\node_modules\npm\lib\utils\lifecycle.js:255:16)
14 verbose stack     at emitTwo (events.js:106:13)
14 verbose stack     at EventEmitter.emit (events.js:191:7)
14 verbose stack     at ChildProcess.<anonymous> (C:\Program Files\nodejs\node_modules\npm\lib\utils\spawn.js:40:14)
14 verbose stack     at emitTwo (events.js:106:13)
14 verbose stack     at ChildProcess.emit (events.js:191:7)
14 verbose stack     at maybeClose (internal/child_process.js:920:16)
14 verbose stack     at Process.ChildProcess._handle.onexit (internal/child_process.js:230:5)
15 verbose pkgid Platform.Portal.FT@
16 verbose cwd D:\Platform.Portal.FT
17 error Windows_NT 10.0.14393
18 error argv "C:\\Program Files\\nodejs\\node.exe" "C:\\Program Files\\nodejs\\node_modules\\npm\\bin\\npm-cli.js" "run" "protractor"
19 error node v6.11.5
20 error npm  v3.10.10
21 error code ELIFECYCLE
22 error Platform.Portal.FT@ protractor: `protractor Configuration/configuration.js`
22 error Exit status 1
23 error Failed at the Platform.Portal.FT@ protractor script 'protractor Configuration/configuration.js'.
23 error Make sure you have the latest version of node.js and npm installed.
23 error If you do, this is most likely a problem with the Platform.Portal.FT package,
23 error not with npm itself.
23 error Tell the author that this fails on your system:
23 error     protractor Configuration/configuration.js
23 error You can get information on how to open an issue for this project with:
23 error     npm bugs Platform.Portal.FT
23 error Or if that isn't available, you can get their info via:
23 error     npm owner ls Platform.Portal.FT
23 error There is likely additional logging output above.
24 verbose exit [ 1, true ]
